This is pdfTeXk, Version 3.141592-1.40.3 (Web2C 7.5.6) (format=pdflatex 2009.3.12)  15 MAR 2009 21:46
entering extended mode
 %&-line parsing enabled.
**fabioRafaelFabricioOrlando.tex
(./fabioRafaelFabricioOrlando.tex
LaTeX2e <2005/12/01>
Babel <v3.8h> and hyphenation patterns for english, usenglishmax, dumylang, noh
yphenation, croatian, ukrainian, russian, bulgarian, czech, slovak, danish, dut
ch, finnish, basque, french, german, ngerman, ibycus, greek, monogreek, ancient
greek, hungarian, italian, latin, mongolian, norsk, icelandic, interlingua, tur
kish, coptic, romanian, welsh, serbian, slovenian, estonian, esperanto, upperso
rbian, indonesian, polish, portuguese, spanish, catalan, galician, swedish, loa
ded.
(/usr/share/texmf-texlive/tex/latex/base/article.cls
Document Class: article 2005/09/16 v1.4f Standard LaTeX document class
(/usr/share/texmf-texlive/tex/latex/base/size12.clo
File: size12.clo 2005/09/16 v1.4f Standard LaTeX file (size option)
)
\c@part=\count79
\c@section=\count80
\c@subsection=\count81
\c@subsubsection=\count82
\c@paragraph=\count83
\c@subparagraph=\count84
\c@figure=\count85
\c@table=\count86
\abovecaptionskip=\skip41
\belowcaptionskip=\skip42
\bibindent=\dimen102
) (./sbc-template.sty
Package: sbc-template 2001/06/09

(/usr/share/texmf-texlive/tex/latex/geometry/geometry.sty
Package: geometry 2002/07/08 v3.2 Page Geometry

(/usr/share/texmf-texlive/tex/latex/graphics/keyval.sty
Package: keyval 1999/03/16 v1.13 key=value parser (DPC)
\KV@toks@=\toks14
)
\Gm@cnth=\count87
\Gm@cntv=\count88
\c@Gm@tempcnt=\count89
\Gm@bindingoffset=\dimen103
\Gm@wd@mp=\dimen104
\Gm@odd@mp=\dimen105
\Gm@even@mp=\dimen106
\Gm@dimlist=\toks15
) (./caption2.sty
Package: caption2 2002/08/03 v2.1 Customising captions (AS)
\captionmargin=\dimen107
\captionwidth=\dimen108
\captionindent=\dimen109
Package caption2 Info: Running in caption2 v2.0 compatibility mode on input lin
e 147.
\captionlinewidth=\dimen110
)
(/usr/share/texmf-texlive/tex/latex/psnfss/times.sty
Package: times 2005/04/12 PSNFSS-v9.2a (SPQR) 
)
\c@instn=\count90

(/usr/share/texmf-texlive/tex/latex/titlesec/titlesec.sty
Package: titlesec 2005/01/22 v2.6 Sectioning titles
\ttl@box=\box26
\beforetitleunit=\skip43
\aftertitleunit=\skip44
\ttl@plus=\dimen111
\ttl@minus=\dimen112
\titlewidth=\dimen113
\titlewidthlast=\dimen114
\titlewidthfirst=\dimen115
))
(/usr/share/texmf-texlive/tex/latex/graphics/graphicx.sty
Package: graphicx 1999/02/16 v1.0f Enhanced LaTeX Graphics (DPC,SPQR)

(/usr/share/texmf-texlive/tex/latex/graphics/graphics.sty
Package: graphics 2006/02/20 v1.0o Standard LaTeX Graphics (DPC,SPQR)

(/usr/share/texmf-texlive/tex/latex/graphics/trig.sty
Package: trig 1999/03/16 v1.09 sin cos tan (DPC)
)
(/etc/texmf/tex/latex/config/graphics.cfg
File: graphics.cfg 2007/01/18 v1.5 graphics configuration of teTeX/TeXLive
)
Package graphics Info: Driver file: pdftex.def on input line 90.

(/usr/share/texmf-texlive/tex/latex/pdftex-def/pdftex.def
File: pdftex.def 2007/01/08 v0.04d Graphics/color for pdfTeX
\Gread@gobject=\count91
))
\Gin@req@height=\dimen116
\Gin@req@width=\dimen117
)
(/usr/share/texmf-texlive/tex/latex/ltxmisc/url.sty
\Urlmuskip=\muskip10
Package: url 2005/06/27  ver 3.2  Verb mode for urls, etc.
)
(/usr/share/texmf-texlive/tex/generic/babel/babel.sty
Package: babel 2005/11/23 v3.8h The Babel package

(/usr/share/texmf-texlive/tex/generic/babel/portuges.ldf
Language: portuges 2005/03/31 v1.2p Portuguese support from the babel system

(/usr/share/texmf-texlive/tex/generic/babel/babel.def
File: babel.def 2005/11/23 v3.8h Babel common definitions
\babel@savecnt=\count92
\U@D=\dimen118
)
\l@brazil = a dialect from \language\l@portuges 
Package babel Info: Making " an active character on input line 145.
))
(/usr/share/texmf-texlive/tex/latex/base/inputenc.sty
Package: inputenc 2006/05/05 v1.1b Input encoding file
\inpenc@prehook=\toks16
\inpenc@posthook=\toks17

(/usr/share/texmf-texlive/tex/latex/base/latin1.def
File: latin1.def 2006/05/05 v1.1b Input encoding file
))
(./fabioRafaelFabricioOrlando.aux)
\openout1 = `fabioRafaelFabricioOrlando.aux'.

LaTeX Font Info:    Checking defaults for OML/cmm/m/it on input line 28.
LaTeX Font Info:    ... okay on input line 28.
LaTeX Font Info:    Checking defaults for T1/cmr/m/n on input line 28.
LaTeX Font Info:    ... okay on input line 28.
LaTeX Font Info:    Checking defaults for OT1/cmr/m/n on input line 28.
LaTeX Font Info:    ... okay on input line 28.
LaTeX Font Info:    Checking defaults for OMS/cmsy/m/n on input line 28.
LaTeX Font Info:    ... okay on input line 28.
LaTeX Font Info:    Checking defaults for OMX/cmex/m/n on input line 28.
LaTeX Font Info:    ... okay on input line 28.
LaTeX Font Info:    Checking defaults for U/cmr/m/n on input line 28.
LaTeX Font Info:    ... okay on input line 28.
LaTeX Font Info:    Try loading font information for OT1+ptm on input line 28.

(/usr/share/texmf-texlive/tex/latex/psnfss/ot1ptm.fd
File: ot1ptm.fd 2001/06/04 font definitions for OT1/ptm.
)
-------------------- Geometry parameters
paper: a4paper
landscape: --
twocolumn: --
twoside: --
asymmetric: --
h-parts: 85.35826pt, 426.79135pt, 85.35826pt
v-parts: 99.58464pt, 674.33032pt, 71.13188pt
hmarginratio: --
vmarginratio: --
lines: --
heightrounded: --
bindingoffset: 0.0pt
truedimen: --
includehead: --
includefoot: --
includemp: --
driver: pdftex
-------------------- Page layout dimensions and switches
\paperwidth  597.50787pt
\paperheight 845.04684pt
\textwidth  426.79135pt
\textheight 674.33032pt
\oddsidemargin  13.08827pt
\evensidemargin 13.08827pt
\topmargin  -9.68535pt
\headheight 12.0pt
\headsep    25.0pt
\footskip   30.0pt
\marginparwidth 44.0pt
\marginparsep   10.0pt
\columnsep  10.0pt
\skip\footins  10.8pt plus 4.0pt minus 2.0pt
\hoffset 0.0pt
\voffset 0.0pt
\mag 1000

(1in=72.27pt, 1cm=28.45pt)
-----------------------
LaTeX Font Info:    Font shape `OT1/ptm/bx/n' in size <16> not available
(Font)              Font shape `OT1/ptm/b/n' tried instead on input line 30.
LaTeX Font Info:    Font shape `OT1/ptm/bx/n' in size <12> not available
(Font)              Font shape `OT1/ptm/b/n' tried instead on input line 30.
LaTeX Font Info:    External font `cmex10' loaded for size
(Font)              <12> on input line 30.
LaTeX Font Info:    External font `cmex10' loaded for size
(Font)              <8> on input line 30.
LaTeX Font Info:    External font `cmex10' loaded for size
(Font)              <6> on input line 30.

Overfull \hbox (1.14926pt too wide) in paragraph at lines 30--30
 [][] 
 []

LaTeX Font Info:    Try loading font information for OT1+pcr on input line 30.
(/usr/share/texmf-texlive/tex/latex/psnfss/ot1pcr.fd
File: ot1pcr.fd 2001/06/04 font definitions for OT1/pcr.
)
LaTeX Font Info:    Try loading font information for OMS+pcr on input line 30.

(/usr/share/texmf-texlive/tex/latex/psnfss/omspcr.fd
File: omspcr.fd 
)
LaTeX Font Info:    Font shape `OMS/pcr/m/n' in size <10> not available
(Font)              Font shape `OMS/cmsy/m/n' tried instead on input line 30.
LaTeX Font Info:    Font shape `OT1/ptm/bx/it' in size <12> not available
(Font)              Font shape `OT1/ptm/b/it' tried instead on input line 32.

Underfull \hbox (badness 1584) in paragraph at lines 37--38
\OT1/ptm/m/it/12 me-ca-nis-mos com base em pro-ces-sa-mento de lin-gua-gem na-t
u-ral. Es-tes
 []

LaTeX Font Info:    Font shape `OT1/ptm/bx/n' in size <13> not available
(Font)              Font shape `OT1/ptm/b/n' tried instead on input line 40.

Underfull \hbox (badness 1616) in paragraph at lines 42--43
\OT1/ptm/m/n/12 que s[]ao palavras-chave cu-jos con-cei-tos po-dem re-pre-sen-t
ar de forma re-su-mida o
 []


Underfull \hbox (badness 1264) in paragraph at lines 46--47
\OT1/ptm/m/n/12 cha-mado de in-de-xa-dor, que se-guindo um con-junto de re-gras
 e crit[]erios constr[]oi
 []

[1

{/var/lib/texmf/fonts/map/pdftex/updmap/pdftex.map}]
Underfull \hbox (badness 1028) in paragraph at lines 54--55
\OT1/ptm/m/n/12 con-tro-lado s[]ao usa-dos, com-bi-na-dos ou n[]ao, para des-cr
e-ver de forma su-cinta um
 []

[2]
LaTeX Font Info:    Try loading font information for OT1+phv on input line 76.
 (/usr/share/texmf-texlive/tex/latex/psnfss/ot1phv.fd
File: ot1phv.fd 2001/06/04 scalable font definitions for OT1/phv.
)
LaTeX Font Info:    Font shape `OT1/phv/bx/n' in size <10> not available
(Font)              Font shape `OT1/phv/b/n' tried instead on input line 76.

<figuras/modulos.png, id=15, 793.96625pt x 671.50874pt>
File: figuras/modulos.png Graphic file (type png)

<use figuras/modulos.png>
Underfull \hbox (badness 1237) in paragraph at lines 107--108
\OT1/ptm/m/n/12 A lei-tura do XML do MeSH []e feita com a API SAX (Sim-ple API 
for XML)
 []

[3 <./figuras/modulos.png>]
Underfull \hbox (badness 1057) in paragraph at lines 132--133
\OT1/ptm/m/n/12 con-tro-lado, acon-tece de des-cri-to-res com pou-cas ocorr[]en
cias e ir-re-le-van-tes para o
 []

[4] <figuras/tabela1.png, id=24, 615.29875pt x 95.35625pt>
File: figuras/tabela1.png Graphic file (type png)

<use figuras/tabela1.png> [5]
<figuras/tabela2.png, id=28, 540.0175pt x 156.585pt>
File: figuras/tabela2.png Graphic file (type png)
 <use figuras/tabela2.png>
<figuras/tabela3.png, id=29, 541.02126pt x 133.49875pt>
File: figuras/tabela3.png Graphic file (type png)

<use figuras/tabela3.png> [6 <./figuras/tabela1.png> <./figuras/tabela2.png>]
<figuras/tabela4.png, id=35, 494.84875pt x 88.33pt>
File: figuras/tabela4.png Graphic file (type png)
 <use figuras/tabela4.png>
Underfull \hbox (badness 1325) in paragraph at lines 196--198
\OT1/ptm/m/n/12 Atrav[]es dos re-sul-ta-dos ob-ti-dos pela valida[][]ao, al-gu-
mas considera[][]oes po-dem ser
 []

[7 <./figuras/tabela3.png> <./figuras/tabela4.png>]
(./fabioRafaelFabricioOrlando.bbl
Underfull \hbox (badness 10000) in paragraph at lines 20--24
[]\OT1/ptm/m/n/12 NLM (2006).  \OT1/ptm/m/it/12 Con-cept Struc-ture in XML MeSH
\OT1/ptm/m/n/12 .  Ob-tido em
 []


Underfull \hbox (badness 3281) in paragraph at lines 20--24
\OT1/ptm/m/n/12 http://www.nlm.nih.gov/mesh/concept[]structure.html, Aces-sado 
em 5 de Mar[]o
 []


Underfull \hbox (badness 10000) in paragraph at lines 26--31
[]\OT1/ptm/m/n/12 NLM (2008).  \OT1/ptm/m/it/12 Me-di-cal Sub-ject He-a-dings\O
T1/ptm/m/n/12 .  Ob-tido em:
 []


Underfull \hbox (badness 6284) in paragraph at lines 26--31
\OT1/ptm/m/n/12 ftp://nlmpubs.nlm.nih.gov/online/mesh/.xmlmesh/desc2008.gz, Ace
sso em 5 de
 []


Underfull \hbox (badness 10000) in paragraph at lines 43--48
[]\OT1/ptm/m/n/12 Python (2008a).  \OT1/ptm/m/it/12 Python ob-ject se-ri-a-li-z
a-tion\OT1/ptm/m/n/12 .  Ob-tido em:
 []


Underfull \hbox (badness 10000) in paragraph at lines 43--48
\OT1/ptm/m/n/12 http://docs.python.org/library/pickle.html?highlight=pickle, Ac
es-sado em 4 de
 []


Underfull \hbox (badness 10000) in paragraph at lines 50--54
[]\OT1/ptm/m/n/12 Python (2008b).  \OT1/ptm/m/it/12 Sup-port for SAX2 Par-sers\
OT1/ptm/m/n/12 .  Ob-tido em:
 []

) [8] (./fabioRafaelFabricioOrlando.aux) ) 
Here is how much of TeX's memory you used:
 1983 strings out of 94101
 25962 string characters out of 1165810
 86284 words of memory out of 1500000
 5241 multiletter control sequences out of 10000+50000
 21033 words of font info for 44 fonts, out of 1200000 for 2000
 637 hyphenation exceptions out of 8191
 30i,8n,28p,954b,321s stack positions out of 5000i,500n,6000p,200000b,5000s
{/usr/share/texmf-texlive/fonts/enc/d
vips/base/8r.enc}</usr/share/texmf-texlive/fonts/type1/bluesky/cm/cmr8.pfb></us
r/share/texmf-texlive/fonts/type1/bluesky/cm/cmsy10.pfb></usr/share/texmf-texli
ve/fonts/type1/urw/courier/ucrr8a.pfb></usr/share/texmf-texlive/fonts/type1/urw
/helvetic/uhvb8a.pfb></usr/share/texmf-texlive/fonts/type1/urw/times/utmb8a.pfb
></usr/share/texmf-texlive/fonts/type1/urw/times/utmbi8a.pfb></usr/share/texmf-
texlive/fonts/type1/urw/times/utmr8a.pfb></usr/share/texmf-texlive/fonts/type1/
urw/times/utmri8a.pfb>
Output written on fabioRafaelFabricioOrlando.pdf (8 pages, 230308 bytes).
PDF statistics:
 72 PDF objects out of 1000 (max. 8388607)
 0 named destinations out of 1000 (max. 131072)
 26 words of extra memory for PDF output out of 10000 (max. 10000000)

